<?xml version="1.0" encoding="UTF-8"?>
<!-- Generated by org.testng.reporters.JUnitReportReporter -->
<testsuite hostname="LAPTOP-CGPPF5SB" failures="0" tests="1" name="executeClass.ExecuteVerifyUser" time="17.435" errors="0" timestamp="2022-08-03T08:47:16 EDT" skipped="0">
  <testcase classname="executeClass.ExecuteVerifyUser" name="VerifyTheUserCanSearchAUserByUsingPhoneNumber" time="17.435"/>
  <system-out/>
</testsuite> <!-- executeClass.ExecuteVerifyUser -->
