<?xml version="1.0" encoding="UTF-8"?>
<!-- Generated by org.testng.reporters.JUnitReportReporter -->
<testsuite hostname="LAPTOP-CGPPF5SB" failures="0" tests="6" name="executeClass.ExecuteLoginPage" time="43.701" errors="0" timestamp="2022-07-28T09:51:50 EDT" skipped="0">
  <testcase classname="executeClass.ExecuteLoginPage" name="verifyUnsuccessfulLogin" time="6.420"/>
  <system-out/>
  <testcase classname="executeClass.ExecuteLoginPage" name="verifyUnsuccessfulLogin" time="6.501"/>
  <system-out/>
  <testcase classname="executeClass.ExecuteLoginPage" name="verifyLoginPageIsVisibleWhileLaunchingTheApplication" time="6.570"/>
  <system-out/>
  <testcase classname="executeClass.ExecuteLoginPage" name="verifySuccessfulLoginWithValidUsernameAndValidPassword" time="7.377"/>
  <system-out/>
  <testcase classname="executeClass.ExecuteLoginPage" name="verifyUnsuccessfulLogin" time="7.128"/>
  <system-out/>
  <testcase classname="executeClass.ExecuteLoginPage" name="isRememberMeCheckBoxCheckedOrNot" time="9.705"/>
  <system-out/>
</testsuite> <!-- executeClass.ExecuteLoginPage -->
