<?xml version="1.0" encoding="UTF-8"?>
<!-- Generated by org.testng.reporters.JUnitReportReporter -->
<testsuite hostname="LAPTOP-CGPPF5SB" failures="0" tests="1" name="executeClass.ExecuteManageExpense" time="8.058" errors="0" timestamp="2022-08-01T08:04:17 EDT" skipped="0">
  <testcase classname="executeClass.ExecuteManageExpense" name="verifyTheAdminCanDeleteTheCreatedOne" time="8.058"/>
  <system-out/>
</testsuite> <!-- executeClass.ExecuteManageExpense -->
