<?xml version="1.0" encoding="UTF-8"?>
<!-- Generated by org.testng.reporters.JUnitReportReporter -->
<testsuite hostname="LAPTOP-CGPPF5SB" failures="0" tests="1" name="executeClass.ExecuteManageUser" time="11.156" errors="0" timestamp="2022-08-03T10:20:49 EDT" skipped="0">
  <testcase classname="executeClass.ExecuteManageUser" name="verifyAdminCanChangeTheStatusOfAnyUser" time="11.156"/>
  <system-out/>
</testsuite> <!-- executeClass.ExecuteManageUser -->
