<?xml version="1.0" encoding="UTF-8"?>
<!-- Generated by org.testng.reporters.JUnitReportReporter -->
<testsuite hostname="LAPTOP-CGPPF5SB" failures="0" tests="1" name="executeClass.ExecuteManageOrder" time="15.147" errors="0" timestamp="2022-08-01T08:51:57 EDT" skipped="0">
  <testcase classname="executeClass.ExecuteManageOrder" name="verifyTheAdminCanViewTheOrderDetailsOfSearchedOrder" time="15.147"/>
  <system-out/>
</testsuite> <!-- executeClass.ExecuteManageOrder -->
