<?xml version="1.0" encoding="UTF-8"?>
<!-- Generated by org.testng.reporters.JUnitReportReporter -->
<testsuite hostname="LAPTOP-CGPPF5SB" failures="0" tests="1" name="executeClass.ExecuteDashboardPage" time="9.282" errors="0" timestamp="2022-08-03T11:12:44 EDT" skipped="0">
  <testcase classname="executeClass.ExecuteDashboardPage" name="verifyListPagesOpensByClickingOnMoreInfoOfManagePage" time="9.282"/>
  <system-out/>
</testsuite> <!-- executeClass.ExecuteDashboardPage -->
