<?xml version="1.0" encoding="UTF-8"?>
<!-- Generated by org.testng.reporters.JUnitReportReporter -->
<testsuite hostname="LAPTOP-CGPPF5SB" failures="0" tests="3" name="executeClass.ExecutePushNotification" time="23.839" errors="0" timestamp="2022-08-03T11:19:29 EDT" skipped="0">
  <testcase classname="executeClass.ExecutePushNotification" name="verifyThePushNotoficationPageIsDisplayedWhileClickingOnPushNotification" time="7.306"/>
  <system-out/>
  <testcase classname="executeClass.ExecutePushNotification" name="verifyTheAdminCanSendANotificationSuccessfullyOrNot" time="9.723"/>
  <system-out/>
  <testcase classname="executeClass.ExecutePushNotification" name="verifyTheResetButtonIsVisibleOrNot" time="6.810"/>
  <system-out/>
</testsuite> <!-- executeClass.ExecutePushNotification -->
